========== System Health Report ==========
Date & Time : Monday 13 October 2025 04:37:51 PM IST
Uptime      : up 6 days, 2 hours, 18 minutes
------------------------------------------
Memory Usage:
               total        used        free      shared  buff/cache   available
Mem:           7.6Gi       4.7Gi       252Mi       887Mi       3.8Gi       2.9Gi
Swap:          8.0Gi       1.7Gi       6.3Gi
------------------------------------------
Disk Usage:
Filesystem      Size  Used Avail Use% Mounted on
/dev/nvme0n1p2  469G  247G  198G  56% /
------------------------------------------
Top 5 Processes:
    PID    PPID CMD                         %MEM %CPU
 503389  448436 /opt/google/chrome/chrome -  8.1 56.1
 503679  448418 /opt/google/chrome/chrome -  1.2 41.0
 448466  448433 /opt/google/chrome/chrome -  4.7  1.7
 448609  448436 /opt/google/chrome/chrome -  1.9  1.3
   1685    1670 /usr/lib/xorg/Xorg -noliste  0.8  1.0
==========================================
