========== System Health Report ==========
Date & Time : Monday 29 September 2025 11:51:47 AM IST
Uptime      : up 5 minutes
------------------------------------------
Memory Usage:
               total        used        free      shared  buff/cache   available
Mem:           7.6Gi       3.5Gi       1.8Gi       384Mi       2.9Gi       4.1Gi
Swap:          8.0Gi          0B       8.0Gi
------------------------------------------
Disk Usage:
Filesystem      Size  Used Avail Use% Mounted on
/dev/nvme0n1p2  469G  249G  196G  57% /
------------------------------------------
Top 5 Processes:
    PID    PPID CMD                         %MEM %CPU
   4627    3922 /opt/google/chrome/chrome -  4.7 16.2
   3903    3445 /opt/google/chrome/chrome    5.8  5.6
   3953    3919 /opt/google/chrome/chrome -  2.4  3.8
   4113    3922 /opt/google/chrome/chrome -  3.6  3.1
   3445    3076 /usr/bin/plasmashell --no-r  4.4  3.0
==========================================
