========== System Health Report ==========
Date & Time : Friday 17 October 2025 11:38:04 PM IST
Uptime      : up 1 week, 3 days, 9 hours, 18 minutes
------------------------------------------
Memory Usage:
               total        used        free      shared  buff/cache   available
Mem:           7.6Gi       3.0Gi       542Mi       515Mi       4.9Gi       4.6Gi
Swap:          8.0Gi       1.8Gi       6.2Gi
------------------------------------------
Disk Usage:
Filesystem      Size  Used Avail Use% Mounted on
/dev/nvme0n1p2  469G  250G  195G  57% /
------------------------------------------
Top 5 Processes:
    PID    PPID CMD                         %MEM %CPU
 921584  917896 /opt/google/chrome/chrome -  3.5  3.6
 918007  917896 /opt/google/chrome/chrome -  1.7  1.6
 917928  917893 /opt/google/chrome/chrome -  2.7  1.4
 921342  917896 /opt/google/chrome/chrome -  4.2  1.3
 917877    3434 /opt/google/chrome/chrome    6.2  1.3
==========================================
