========== System Health Report ==========
Date & Time : Saturday 11 October 2025 05:09:06 PM IST
Uptime      : up 4 days, 2 hours, 49 minutes
------------------------------------------
Memory Usage:
               total        used        free      shared  buff/cache   available
Mem:           7.6Gi       1.9Gi       3.1Gi       325Mi       3.2Gi       5.7Gi
Swap:          8.0Gi       1.7Gi       6.3Gi
------------------------------------------
Disk Usage:
Filesystem      Size  Used Avail Use% Mounted on
/dev/nvme0n1p2  469G  247G  198G  56% /
------------------------------------------
Top 5 Processes:
    PID    PPID CMD                         %MEM %CPU
 407472  407428 /usr/bin/mysql-workbench-bi  2.2  4.3
   1685    1670 /usr/lib/xorg/Xorg -noliste  0.7  1.2
   3393    3086 /usr/bin/kwin_x11 --replace  1.2  1.1
   3434    3086 /usr/bin/plasmashell --no-r  3.1  0.7
   2202       1 /usr/sbin/mysqld             0.5  0.3
==========================================
