========== System Health Report ==========
Date & Time : Tuesday 30 September 2025 10:52:26 AM IST
Uptime      : up 23 hours, 5 minutes
------------------------------------------
Memory Usage:
               total        used        free      shared  buff/cache   available
Mem:           7.6Gi       2.5Gi       3.0Gi       373Mi       3.0Gi       5.0Gi
Swap:          8.0Gi       888Mi       7.1Gi
------------------------------------------
Disk Usage:
Filesystem      Size  Used Avail Use% Mounted on
/dev/nvme0n1p2  469G  250G  195G  57% /
------------------------------------------
Top 5 Processes:
    PID    PPID CMD                         %MEM %CPU
  70985   70979 ps -eo pid,ppid,cmd,%mem,%c  0.0  100
  69788    3076 /usr/bin/vlc --started-from  2.0  4.9
   1705    1688 /usr/lib/xorg/Xorg -noliste  1.7  1.4
   3382    3076 /usr/bin/kwin_x11 --replace  1.7  1.3
   3445    3076 /usr/bin/plasmashell --no-r  3.8  0.6
==========================================
