========== System Health Report ==========
Date & Time : Sunday 28 September 2025 04:36:29 PM IST
Uptime      : up 2 days, 20 hours, 10 minutes
------------------------------------------
Memory Usage:
               total        used        free      shared  buff/cache   available
Mem:           7.6Gi       4.0Gi       564Mi       650Mi       3.9Gi       3.6Gi
Swap:          8.0Gi       1.9Gi       6.1Gi
------------------------------------------
Disk Usage:
Filesystem      Size  Used Avail Use% Mounted on
/dev/nvme0n1p2  469G  251G  194G  57% /
------------------------------------------
Top 5 Processes:
    PID    PPID CMD                         %MEM %CPU
 413227  412636 /opt/microsoft/msedge/msedg  5.8 26.8
 412618   12164 /opt/microsoft/msedge/msedg  6.5 16.6
 415479  415218 /opt/google/chrome/chrome -  6.6 16.3
 412677  412633 /opt/microsoft/msedge/msedg  2.4  7.7
 412745  412636 /opt/microsoft/msedge/msedg  4.6  7.2
==========================================
